#
# There is insufficient memory for the Java Runtime Environment to continue.
# Native memory allocation (malloc) failed to allocate 414416 bytes for Chunk::new
# Possible reasons:
#   The system is out of physical RAM or swap space
#   In 32 bit mode, the process size limit was hit
# Possible solutions:
#   Reduce memory load on the system
#   Increase physical memory or swap space
#   Check if swap backing store is full
#   Use 64 bit Java on a 64 bit OS
#   Decrease Java heap size (-Xmx/-Xms)
#   Decrease number of Java threads
#   Decrease Java thread stack sizes (-Xss)
#   Set larger code cache with -XX:ReservedCodeCacheSize=
# This output file may be truncated or incomplete.
#
#  Out of Memory Error (allocation.cpp:388), pid=3400, tid=12272
#
# JRE version: Java(TM) SE Runtime Environment (8.0_05-b13) (build 1.8.0_05-b13)
# Java VM: Java HotSpot(TM) 64-Bit Server VM (25.5-b02 mixed mode windows-amd64 compressed oops)
# Failed to write core dump. Minidumps are not enabled by default on client versions of Windows
#

---------------  T H R E A D  ---------------

Current thread (0x0000000014d5e800):  JavaThread "C2 CompilerThread0" daemon [_thread_in_native, id=12272, stack(0x00000000166b0000,0x00000000167b0000)]

Stack: [0x00000000166b0000,0x00000000167b0000]
Native frames: (J=compiled Java code, j=interpreted, Vv=VM code, C=native code)
V  [jvm.dll+0x308dea]


Current CompileTask:
C2:   4658 2766       4       com.android.dx.dex.file.DebugInfoEncoder::emitHeader (530 bytes)


---------------  P R O C E S S  ---------------

Java Threads: ( => current thread )
  0x000000001610d800 JavaThread "Service Thread" daemon [_thread_blocked, id=7580, stack(0x00000000169b0000,0x0000000016ab0000)]
  0x0000000016107800 JavaThread "C1 CompilerThread2" daemon [_thread_blocked, id=2296, stack(0x00000000168b0000,0x00000000169b0000)]
  0x0000000014dac000 JavaThread "C2 CompilerThread1" daemon [_thread_in_native, id=3428, stack(0x00000000167b0000,0x00000000168b0000)]
=>0x0000000014d5e800 JavaThread "C2 CompilerThread0" daemon [_thread_in_native, id=12272, stack(0x00000000166b0000,0x00000000167b0000)]
  0x0000000014d5d800 JavaThread "Attach Listener" daemon [_thread_blocked, id=5696, stack(0x00000000165b0000,0x00000000166b0000)]
  0x0000000014d6c800 JavaThread "Signal Dispatcher" daemon [_thread_blocked, id=6308, stack(0x00000000164b0000,0x00000000165b0000)]
  0x0000000002593000 JavaThread "Finalizer" daemon [_thread_blocked, id=10888, stack(0x0000000015fb0000,0x00000000160b0000)]
  0x0000000002588000 JavaThread "Reference Handler" daemon [_thread_blocked, id=3932, stack(0x0000000015eb0000,0x0000000015fb0000)]
  0x00000000024a0800 JavaThread "main" [_thread_in_Java, id=8228, stack(0x0000000002030000,0x0000000002130000)]

Other Threads:
  0x0000000014d15000 VMThread [stack: 0x0000000015db0000,0x0000000015eb0000] [id=12008]
  0x0000000016117800 WatcherThread [stack: 0x0000000016ab0000,0x0000000016bb0000] [id=11096]

VM state:not at safepoint (normal execution)

VM Mutex/Monitor currently owned by a thread: None

Heap:
 PSYoungGen      total 115200K, used 46008K [0x00000000eab00000, 0x00000000f5680000, 0x0000000100000000)
  eden space 100352K, 31% used [0x00000000eab00000,0x00000000ec9a7010,0x00000000f0d00000)
  from space 14848K, 98% used [0x00000000f0d00000,0x00000000f1b47188,0x00000000f1b80000)
  to   space 17408K, 0% used [0x00000000f4580000,0x00000000f4580000,0x00000000f5680000)
 ParOldGen       total 129536K, used 61712K [0x00000000c0000000, 0x00000000c7e80000, 0x00000000eab00000)
  object space 129536K, 47% used [0x00000000c0000000,0x00000000c3c44308,0x00000000c7e80000)
 Metaspace       used 6554K, capacity 7416K, committed 7680K, reserved 1056768K
  class space    used 636K, capacity 688K, committed 768K, reserved 1048576K

Card table byte_map: [0x0000000011a40000,0x0000000011c50000] byte_map_base: 0x0000000011440000

Marking Bits: (ParMarkBitMap*) 0x0000000056b613b0
 Begin Bits: [0x00000000121b0000, 0x00000000131b0000)
 End Bits:   [0x00000000131b0000, 0x00000000141b0000)

Polling page: 0x0000000000a60000

CodeCache: size=245760Kb used=10533Kb max_used=10549Kb free=235226Kb
 bounds [0x0000000002680000, 0x00000000030e0000, 0x0000000011680000]
 total_blobs=3029 nmethods=2761 adapters=181
 compilation: enabled

Compilation events (10 events):
Event: 4.509 Thread 0x0000000014dac000 2765       4       java.util.Collections::sort (53 bytes)
Event: 4.529 Thread 0x0000000014dac000 nmethod 2765 0x00000000030d1810 code [0x00000000030d1a40, 0x00000000030d2e60]
Event: 4.531 Thread 0x0000000014d5e800 2766       4       com.android.dx.dex.file.DebugInfoEncoder::emitHeader (530 bytes)
Event: 4.585 Thread 0x0000000014dac000 2767       4       com.android.dx.dex.file.OffsettedItem::setWriteSize (37 bytes)
Event: 4.586 Thread 0x0000000014dac000 nmethod 2767 0x00000000030b9910 code [0x00000000030b9a40, 0x00000000030b9ad8]
Event: 4.587 Thread 0x0000000016107800 2768       3       com.android.dx.dex.code.SwitchData::codeSize (27 bytes)
Event: 4.587 Thread 0x0000000016107800 nmethod 2768 0x00000000030c4110 code [0x00000000030c4280, 0x00000000030c4568]
Event: 4.588 Thread 0x0000000014dac000 2769       4       com.android.dx.dex.file.DebugInfoEncoder::emitStringIndex (45 bytes)
Event: 4.604 Thread 0x0000000014dac000 nmethod 2769 0x00000000030d43d0 code [0x00000000030d45c0, 0x00000000030d58e0]
Event: 4.605 Thread 0x0000000014dac000 2770       4       com.android.dx.dex.file.DebugInfoEncoder::emitLocalsAtAddress (150 bytes)

GC Heap History (10 events):
Event: 2.142 GC heap before
{Heap before GC invocations=17 (full 0):
 PSYoungGen      total 58880K, used 57376K [0x00000000eab00000, 0x00000000eec80000, 0x0000000100000000)
  eden space 52224K, 100% used [0x00000000eab00000,0x00000000ede00000,0x00000000ede00000)
  from space 6656K, 77% used [0x00000000ee500000,0x00000000eea08000,0x00000000eeb80000)
  to   space 7168K, 0% used [0x00000000ede00000,0x00000000ede00000,0x00000000ee500000)
 ParOldGen       total 129536K, used 19786K [0x00000000c0000000, 0x00000000c7e80000, 0x00000000eab00000)
  object space 129536K, 15% used [0x00000000c0000000,0x00000000c1352930,0x00000000c7e80000)
 Metaspace       used 6087K, capacity 7024K, committed 7296K, reserved 1056768K
  class space    used 595K, capacity 616K, committed 640K, reserved 1048576K
Event: 2.161 GC heap after
Heap after GC invocations=17 (full 0):
 PSYoungGen      total 59392K, used 7152K [0x00000000eab00000, 0x00000000f0780000, 0x0000000100000000)
  eden space 52224K, 0% used [0x00000000eab00000,0x00000000eab00000,0x00000000ede00000)
  from space 7168K, 99% used [0x00000000ede00000,0x00000000ee4fc280,0x00000000ee500000)
  to   space 10752K, 0% used [0x00000000efd00000,0x00000000efd00000,0x00000000f0780000)
 ParOldGen       total 129536K, used 26414K [0x00000000c0000000, 0x00000000c7e80000, 0x00000000eab00000)
  object space 129536K, 20% used [0x00000000c0000000,0x00000000c19cb978,0x00000000c7e80000)
 Metaspace       used 6087K, capacity 7024K, committed 7296K, reserved 1056768K
  class space    used 595K, capacity 616K, committed 640K, reserved 1048576K
}
Event: 2.317 GC heap before
{Heap before GC invocations=18 (full 0):
 PSYoungGen      total 59392K, used 59376K [0x00000000eab00000, 0x00000000f0780000, 0x0000000100000000)
  eden space 52224K, 100% used [0x00000000eab00000,0x00000000ede00000,0x00000000ede00000)
  from space 7168K, 99% used [0x00000000ede00000,0x00000000ee4fc280,0x00000000ee500000)
  to   space 10752K, 0% used [0x00000000efd00000,0x00000000efd00000,0x00000000f0780000)
 ParOldGen       total 129536K, used 26414K [0x00000000c0000000, 0x00000000c7e80000, 0x00000000eab00000)
  object space 129536K, 20% used [0x00000000c0000000,0x00000000c19cb978,0x00000000c7e80000)
 Metaspace       used 6107K, capacity 7024K, committed 7296K, reserved 1056768K
  class space    used 595K, capacity 616K, committed 640K, reserved 1048576K
Event: 2.340 GC heap after
Heap after GC invocations=18 (full 0):
 PSYoungGen      total 82944K, used 8148K [0x00000000eab00000, 0x00000000f0980000, 0x0000000100000000)
  eden space 72192K, 0% used [0x00000000eab00000,0x00000000eab00000,0x00000000ef180000)
  from space 10752K, 75% used [0x00000000efd00000,0x00000000f04f53e0,0x00000000f0780000)
  to   space 11776K, 0% used [0x00000000ef180000,0x00000000ef180000,0x00000000efd00000)
 ParOldGen       total 129536K, used 33441K [0x00000000c0000000, 0x00000000c7e80000, 0x00000000eab00000)
  object space 129536K, 25% used [0x00000000c0000000,0x00000000c20a86d8,0x00000000c7e80000)
 Metaspace       used 6107K, capacity 7024K, committed 7296K, reserved 1056768K
  class space    used 595K, capacity 616K, committed 640K, reserved 1048576K
}
Event: 2.549 GC heap before
{Heap before GC invocations=19 (full 0):
 PSYoungGen      total 82944K, used 80340K [0x00000000eab00000, 0x00000000f0980000, 0x0000000100000000)
  eden space 72192K, 100% used [0x00000000eab00000,0x00000000ef180000,0x00000000ef180000)
  from space 10752K, 75% used [0x00000000efd00000,0x00000000f04f53e0,0x00000000f0780000)
  to   space 11776K, 0% used [0x00000000ef180000,0x00000000ef180000,0x00000000efd00000)
 ParOldGen       total 129536K, used 33441K [0x00000000c0000000, 0x00000000c7e80000, 0x00000000eab00000)
  object space 129536K, 25% used [0x00000000c0000000,0x00000000c20a86d8,0x00000000c7e80000)
 Metaspace       used 6205K, capacity 7064K, committed 7424K, reserved 1056768K
  class space    used 615K, capacity 656K, committed 768K, reserved 1048576K
Event: 2.571 GC heap after
Heap after GC invocations=19 (full 0):
 PSYoungGen      total 83968K, used 11089K [0x00000000eab00000, 0x00000000f2900000, 0x0000000100000000)
  eden space 72192K, 0% used [0x00000000eab00000,0x00000000eab00000,0x00000000ef180000)
  from space 11776K, 94% used [0x00000000ef180000,0x00000000efc54638,0x00000000efd00000)
  to   space 13824K, 0% used [0x00000000f1b80000,0x00000000f1b80000,0x00000000f2900000)
 ParOldGen       total 129536K, used 41181K [0x00000000c0000000, 0x00000000c7e80000, 0x00000000eab00000)
  object space 129536K, 31% used [0x00000000c0000000,0x00000000c2837750,0x00000000c7e80000)
 Metaspace       used 6205K, capacity 7064K, committed 7424K, reserved 1056768K
  class space    used 615K, capacity 656K, committed 768K, reserved 1048576K
}
Event: 2.712 GC heap before
{Heap before GC invocations=20 (full 0):
 PSYoungGen      total 83968K, used 83281K [0x00000000eab00000, 0x00000000f2900000, 0x0000000100000000)
  eden space 72192K, 100% used [0x00000000eab00000,0x00000000ef180000,0x00000000ef180000)
  from space 11776K, 94% used [0x00000000ef180000,0x00000000efc54638,0x00000000efd00000)
  to   space 13824K, 0% used [0x00000000f1b80000,0x00000000f1b80000,0x00000000f2900000)
 ParOldGen       total 129536K, used 41181K [0x00000000c0000000, 0x00000000c7e80000, 0x00000000eab00000)
  object space 129536K, 31% used [0x00000000c0000000,0x00000000c2837750,0x00000000c7e80000)
 Metaspace       used 6212K, capacity 7064K, committed 7424K, reserved 1056768K
  class space    used 615K, capacity 656K, committed 768K, reserved 1048576K
Event: 2.733 GC heap after
Heap after GC invocations=20 (full 0):
 PSYoungGen      total 114176K, used 10677K [0x00000000eab00000, 0x00000000f2b00000, 0x0000000100000000)
  eden space 100352K, 0% used [0x00000000eab00000,0x00000000eab00000,0x00000000f0d00000)
  from space 13824K, 77% used [0x00000000f1b80000,0x00000000f25ed4f0,0x00000000f2900000)
  to   space 14848K, 0% used [0x00000000f0d00000,0x00000000f0d00000,0x00000000f1b80000)
 ParOldGen       total 129536K, used 51804K [0x00000000c0000000, 0x00000000c7e80000, 0x00000000eab00000)
  object space 129536K, 39% used [0x00000000c0000000,0x00000000c32970f0,0x00000000c7e80000)
 Metaspace       used 6212K, capacity 7064K, committed 7424K, reserved 1056768K
  class space    used 615K, capacity 656K, committed 768K, reserved 1048576K
}
Event: 2.965 GC heap before
{Heap before GC invocations=21 (full 0):
 PSYoungGen      total 114176K, used 111029K [0x00000000eab00000, 0x00000000f2b00000, 0x0000000100000000)
  eden space 100352K, 100% used [0x00000000eab00000,0x00000000f0d00000,0x00000000f0d00000)
  from space 13824K, 77% used [0x00000000f1b80000,0x00000000f25ed4f0,0x00000000f2900000)
  to   space 14848K, 0% used [0x00000000f0d00000,0x00000000f0d00000,0x00000000f1b80000)
 ParOldGen       total 129536K, used 51804K [0x00000000c0000000, 0x00000000c7e80000, 0x00000000eab00000)
  object space 129536K, 39% used [0x00000000c0000000,0x00000000c32970f0,0x00000000c7e80000)
 Metaspace       used 6279K, capacity 7128K, committed 7424K, reserved 1056768K
  class space    used 620K, capacity 656K, committed 768K, reserved 1048576K
Event: 2.992 GC heap after
Heap after GC invocations=21 (full 0):
 PSYoungGen      total 115200K, used 14620K [0x00000000eab00000, 0x00000000f5680000, 0x0000000100000000)
  eden space 100352K, 0% used [0x00000000eab00000,0x00000000eab00000,0x00000000f0d00000)
  from space 14848K, 98% used [0x00000000f0d00000,0x00000000f1b47188,0x00000000f1b80000)
  to   space 17408K, 0% used [0x00000000f4580000,0x00000000f4580000,0x00000000f5680000)
 ParOldGen       total 129536K, used 61712K [0x00000000c0000000, 0x00000000c7e80000, 0x00000000eab00000)
  object space 129536K, 47% used [0x00000000c0000000,0x00000000c3c44308,0x00000000c7e80000)
 Metaspace       used 6279K, capacity 7128K, committed 7424K, reserved 1056768K
  class space    used 620K, capacity 656K, committed 768K, reserved 1048576K
}

Deoptimization events (10 events):
Event: 3.171 Thread 0x00000000024a0800 Uncommon trap: reason=class_check action=maybe_recompile pc=0x0000000002a681d4 method=com.android.dx.util.FixedSizeList.equals(Ljava/lang/Object;)Z @ 25
Event: 3.171 Thread 0x00000000024a0800 Uncommon trap: reason=class_check action=maybe_recompile pc=0x0000000002a17a18 method=java.util.Arrays.equals([Ljava/lang/Object;[Ljava/lang/Object;)Z @ 62
Event: 3.172 Thread 0x00000000024a0800 Uncommon trap: reason=class_check action=maybe_recompile pc=0x0000000002a681d4 method=com.android.dx.util.FixedSizeList.equals(Ljava/lang/Object;)Z @ 25
Event: 3.172 Thread 0x00000000024a0800 Uncommon trap: reason=class_check action=maybe_recompile pc=0x0000000002a17a18 method=java.util.Arrays.equals([Ljava/lang/Object;[Ljava/lang/Object;)Z @ 62
Event: 3.172 Thread 0x00000000024a0800 Uncommon trap: reason=class_check action=maybe_recompile pc=0x0000000002a681d4 method=com.android.dx.util.FixedSizeList.equals(Ljava/lang/Object;)Z @ 25
Event: 3.172 Thread 0x00000000024a0800 Uncommon trap: reason=class_check action=maybe_recompile pc=0x0000000002a681d4 method=com.android.dx.util.FixedSizeList.equals(Ljava/lang/Object;)Z @ 25
Event: 3.172 Thread 0x00000000024a0800 Uncommon trap: reason=class_check action=maybe_recompile pc=0x0000000002a17a18 method=java.util.Arrays.equals([Ljava/lang/Object;[Ljava/lang/Object;)Z @ 62
Event: 3.172 Thread 0x00000000024a0800 Uncommon trap: reason=class_check action=maybe_recompile pc=0x0000000002a17a18 method=java.util.Arrays.equals([Ljava/lang/Object;[Ljava/lang/Object;)Z @ 62
Event: 3.834 Thread 0x00000000024a0800 Uncommon trap: reason=unreached action=reinterpret pc=0x0000000002fe94e0 method=com.android.dx.dex.code.OutputFinisher.findOpcodeForInsn(Lcom/android/dx/dex/code/DalvInsn;Lcom/android/dx/dex/code/Dop;)Lcom/android/dx/dex/code/Dop; @ 1
Event: 4.502 Thread 0x00000000024a0800 Uncommon trap: reason=unreached action=reinterpret pc=0x00000000030b779c method=com.android.dx.dex.file.DebugInfoEncoder.emitLocalsAtAddress(I)I @ 137

Internal exceptions (10 events):
Event: 3.164 Thread 0x00000000024a0800 Exception <a 'java/security/PrivilegedActionException'> (0x00000000eb230f68) thrown at [D:\re\workspace\8-2-build-windows-amd64-cygwin\jdk8u5\2488\hotspot\src\share\vm\prims\jvm.cpp, line 1248]
Event: 3.164 Thread 0x00000000024a0800 Exception <a 'java/security/PrivilegedActionException'> (0x00000000eb2355e8) thrown at [D:\re\workspace\8-2-build-windows-amd64-cygwin\jdk8u5\2488\hotspot\src\share\vm\prims\jvm.cpp, line 1248]
Event: 3.171 Thread 0x00000000024a0800 Exception <a 'java/security/PrivilegedActionException'> (0x00000000eb2555a0) thrown at [D:\re\workspace\8-2-build-windows-amd64-cygwin\jdk8u5\2488\hotspot\src\share\vm\prims\jvm.cpp, line 1248]
Event: 3.172 Thread 0x00000000024a0800 Exception <a 'java/security/PrivilegedActionException'> (0x00000000eb2585e0) thrown at [D:\re\workspace\8-2-build-windows-amd64-cygwin\jdk8u5\2488\hotspot\src\share\vm\prims\jvm.cpp, line 1248]
Event: 3.172 Thread 0x00000000024a0800 Exception <a 'java/security/PrivilegedActionException'> (0x00000000eb25bab8) thrown at [D:\re\workspace\8-2-build-windows-amd64-cygwin\jdk8u5\2488\hotspot\src\share\vm\prims\jvm.cpp, line 1248]
Event: 3.186 Thread 0x00000000024a0800 Exception <a 'java/security/PrivilegedActionException'> (0x00000000eb282bb0) thrown at [D:\re\workspace\8-2-build-windows-amd64-cygwin\jdk8u5\2488\hotspot\src\share\vm\prims\jvm.cpp, line 1248]
Event: 4.297 Thread 0x00000000024a0800 Exception <a 'java/security/PrivilegedActionException'> (0x00000000ec165510) thrown at [D:\re\workspace\8-2-build-windows-amd64-cygwin\jdk8u5\2488\hotspot\src\share\vm\prims\jvm.cpp, line 1248]
Event: 4.306 Thread 0x00000000024a0800 Exception <a 'java/security/PrivilegedActionException'> (0x00000000ec19b298) thrown at [D:\re\workspace\8-2-build-windows-amd64-cygwin\jdk8u5\2488\hotspot\src\share\vm\prims\jvm.cpp, line 1248]
Event: 4.307 Thread 0x00000000024a0800 Exception <a 'java/security/PrivilegedActionException'> (0x00000000ec1a70b0) thrown at [D:\re\workspace\8-2-build-windows-amd64-cygwin\jdk8u5\2488\hotspot\src\share\vm\prims\jvm.cpp, line 1248]
Event: 4.307 Thread 0x00000000024a0800 Exception <a 'java/security/PrivilegedActionException'> (0x00000000ec1a9d18) thrown at [D:\re\workspace\8-2-build-windows-amd64-cygwin\jdk8u5\2488\hotspot\src\share\vm\prims\jvm.cpp, line 1248]

Events (10 events):
Event: 4.304 Thread 0x00000000024a0800 DEOPT UNPACKING pc=0x00000000026c7604 sp=0x000000000212ef98 mode 0
Event: 4.306 loading class com/android/dx/dex/file/DebugInfoEncoder
Event: 4.306 loading class com/android/dx/dex/file/DebugInfoEncoder done
Event: 4.307 loading class com/android/dx/dex/file/DebugInfoEncoder$1
Event: 4.307 loading class com/android/dx/dex/file/DebugInfoEncoder$1 done
Event: 4.307 loading class com/android/dx/dex/file/DebugInfoEncoder$2
Event: 4.307 loading class com/android/dx/dex/file/DebugInfoEncoder$2 done
Event: 4.502 Thread 0x00000000024a0800 Uncommon trap: trap_request=0xffffffad fr.pc=0x00000000030b779c
Event: 4.502 Thread 0x00000000024a0800 DEOPT PACKING pc=0x00000000030b779c sp=0x000000000212eed0
Event: 4.502 Thread 0x00000000024a0800 DEOPT UNPACKING pc=0x00000000026c55af sp=0x000000000212eec0 mode 2


Dynamic libraries:
0x00007ff7b8a80000 - 0x00007ff7b8ab4000 	E:\DeveloperTools\JDK8\bin\java.exe
0x00007ff8d7fc0000 - 0x00007ff8d8182000 	C:\Windows\SYSTEM32\ntdll.dll
0x00007ff8d79d0000 - 0x00007ff8d7a7d000 	C:\Windows\system32\KERNEL32.DLL
0x00007ff8d54b0000 - 0x00007ff8d568d000 	C:\Windows\system32\KERNELBASE.dll
0x00007ff8d7920000 - 0x00007ff8d79c6000 	C:\Windows\system32\ADVAPI32.dll
0x00007ff8d6dd0000 - 0x00007ff8d6e6d000 	C:\Windows\system32\msvcrt.dll
0x00007ff8d6d70000 - 0x00007ff8d6dcb000 	C:\Windows\system32\sechost.dll
0x00007ff8d7040000 - 0x00007ff8d7166000 	C:\Windows\system32\RPCRT4.dll
0x00007ff8d7170000 - 0x00007ff8d72be000 	C:\Windows\system32\USER32.dll
0x00007ff8d7b00000 - 0x00007ff8d7c85000 	C:\Windows\system32\GDI32.dll
0x00007ff8c8e10000 - 0x00007ff8c9084000 	C:\Windows\WinSxS\amd64_microsoft.windows.common-controls_6595b64144ccf1df_6.0.10240.16384_none_f41f7b285750ef43\COMCTL32.dll
0x00007ff8d7f10000 - 0x00007ff8d7f46000 	C:\Windows\system32\IMM32.DLL
0x00007ff8d77c0000 - 0x00007ff8d791c000 	C:\Windows\system32\MSCTF.dll
0x0000000056be0000 - 0x0000000056cb2000 	E:\DeveloperTools\JDK8\jre\bin\msvcr100.dll
0x00000000563b0000 - 0x0000000056bda000 	E:\DeveloperTools\JDK8\jre\bin\server\jvm.dll
0x00007ff8d77b0000 - 0x00007ff8d77b8000 	C:\Windows\system32\PSAPI.DLL
0x00007ff8d2590000 - 0x00007ff8d2599000 	C:\Windows\SYSTEM32\WSOCK32.dll
0x00007ff8d7f50000 - 0x00007ff8d7fb9000 	C:\Windows\system32\WS2_32.dll
0x00007ff8d7c90000 - 0x00007ff8d7c98000 	C:\Windows\system32\NSI.dll
0x00007ff8c3770000 - 0x00007ff8c3793000 	C:\Windows\SYSTEM32\WINMM.dll
0x00007ff8c3740000 - 0x00007ff8c376c000 	C:\Windows\SYSTEM32\WINMMBASE.dll
0x00007ff8d50c0000 - 0x00007ff8d5104000 	C:\Windows\system32\cfgmgr32.dll
0x00007ff8d3360000 - 0x00007ff8d3387000 	C:\Windows\SYSTEM32\DEVOBJ.dll
0x00000000563a0000 - 0x00000000563af000 	E:\DeveloperTools\JDK8\jre\bin\verify.dll
0x0000000056370000 - 0x0000000056398000 	E:\DeveloperTools\JDK8\jre\bin\java.dll
0x0000000056350000 - 0x0000000056366000 	E:\DeveloperTools\JDK8\jre\bin\zip.dll
0x00007ff8d5690000 - 0x00007ff8d6bb5000 	C:\Windows\system32\SHELL32.dll
0x00007ff8d4a90000 - 0x00007ff8d50b8000 	C:\Windows\system32\windows.storage.dll
0x00007ff8d72c0000 - 0x00007ff8d753c000 	C:\Windows\system32\combase.dll
0x00007ff8d6bc0000 - 0x00007ff8d6c11000 	C:\Windows\system32\shlwapi.dll
0x00007ff8d4a60000 - 0x00007ff8d4a6f000 	C:\Windows\system32\kernel.appcore.dll
0x00007ff8d5220000 - 0x00007ff8d52d3000 	C:\Windows\system32\shcore.dll
0x00007ff8d49f0000 - 0x00007ff8d4a3a000 	C:\Windows\system32\powrprof.dll
0x00007ff8d4a40000 - 0x00007ff8d4a53000 	C:\Windows\system32\profapi.dll

VM Arguments:
jvm_args: -Djava.awt.headless=true -Xmx1024M -Dfile.encoding=GBK -Duser.country=CN -Duser.language=zh -Duser.variant 
java_command: com.android.dx.command.Main --dex --force-jumbo --num-threads=4 --output D:\WorkSpace\studio\mygithub\SystemBar\app\build\intermediates\pre-dexed\debug\com.android.support-support-v4-23.2.1_aae237a432017437020795cc752acb8480fa5078.jar D:\WorkSpace\studio\mygithub\SystemBar\app\build\intermediates\exploded-aar\com.android.support\support-v4\23.2.1\jars\classes.jar
java_class_path (initial): E:\DeveloperTools\SDK\build-tools\24.0.0-preview\lib\dx.jar
Launcher Type: SUN_STANDARD

Environment Variables:
JAVA_HOME=E:\DeveloperTools\JDK
PATH=E:\DeveloperTools\JDK\bin;JAVA8_HOME\bin;C:\Windows\system32;C:\Windows;C:\Windows\System32\Wbem;C:\Windows\System32\WindowsPowerShell\v1.0\;E:\DeveloperTools\SDK\platform-tools;E:\DeveloperTools\Git\cmd;C:\Program Files\TortoiseGit\bin;E:\DeveloperTools\MySql\bin;E:\DeveloperTools\gradle-2.11\bin;E:\DeveloperTools\Groovy\bin;E:\DeveloperTools\Ruby22\bin;C:\Users\Administrator\AppData\Local\Programs\Python\Python35-32\Scripts\;C:\Users\Administrator\AppData\Local\Programs\Python\Python35-32\;C:\Users\Administrator\AppData\Local\atom\bin
USERNAME=Administrator
OS=Windows_NT
PROCESSOR_IDENTIFIER=Intel64 Family 6 Model 60 Stepping 3, GenuineIntel



---------------  S Y S T E M  ---------------

OS: Windows 8.1 , 64 bit Build 9600 

CPU:total 4 (4 cores per cpu, 1 threads per core) family 6 model 60 stepping 3, cmov, cx8, fxsr, mmx, sse, sse2, sse3, ssse3, sse4.1, sse4.2, popcnt, avx, avx2, aes, clmul, erms, tsc, tscinvbit

Memory: 4k page, physical 8299384k(1737724k free), swap 11449208k(5136k free)

vm_info: Java HotSpot(TM) 64-Bit Server VM (25.5-b02) for windows-amd64 JRE (1.8.0_05-b13), built on Mar 18 2014 01:08:39 by "java_re" with MS VC++ 10.0 (VS2010)

time: Tue Mar 22 18:23:14 2016
elapsed time: 4 seconds

